<?xml version="1.0" encoding="UTF-8"?>
<!-- Generated by org.testng.reporters.JUnitXMLReporter -->
<testsuite hostname="sudhanshu" name="Test" tests="1" failures="1" timestamp="31 May 2020 11:36:34 GMT" time="8.19" errors="0">
  <testcase name="loginTest" time="0.016" classname="com.actiTime.Test.TC_001_LoginTest">
    <failure type="java.lang.NullPointerException">
      <![CDATA[java.lang.NullPointerException
	at com.actiTime.Test.TC_001_LoginTest.loginTest(TC_001_LoginTest.java:18)
... Removed 24 stack frames]]>
    </failure>
  </testcase> <!-- loginTest -->
</testsuite> <!-- Test -->
