<?xml version="1.0" encoding="UTF-8"?>
<testng-results skipped="0" failed="0" total="1" passed="1">
  <reporter-output>
  </reporter-output>
  <suite name="TEST Suite" duration-ms="17493" started-at="2020-05-31T12:07:50Z" finished-at="2020-05-31T12:08:07Z">
    <groups>
    </groups>
    <test name="Test" duration-ms="17493" started-at="2020-05-31T12:07:50Z" finished-at="2020-05-31T12:08:07Z">
      <class name="com.actiTime.Test.TC_001_LoginTest">
        <test-method status="PASS" signature="setUp()[pri:0, instance:com.actiTime.Test.TC_001_LoginTest@28f67ac7]" name="setUp" is-config="true" duration-ms="11581" started-at="2020-05-31T17:37:50Z" finished-at="2020-05-31T17:38:01Z">
          <reporter-output>
          </reporter-output>
        </test-method> <!-- setUp -->
        <test-method status="PASS" signature="loginTest()[pri:0, instance:com.actiTime.Test.TC_001_LoginTest@28f67ac7]" name="loginTest" duration-ms="5888" started-at="2020-05-31T17:38:01Z" finished-at="2020-05-31T17:38:07Z">
          <reporter-output>
          </reporter-output>
        </test-method> <!-- loginTest -->
        <test-method status="PASS" signature="shutDown()[pri:0, instance:com.actiTime.Test.TC_001_LoginTest@28f67ac7]" name="shutDown" is-config="true" duration-ms="1" started-at="2020-05-31T17:38:07Z" finished-at="2020-05-31T17:38:07Z">
          <reporter-output>
          </reporter-output>
        </test-method> <!-- shutDown -->
      </class> <!-- com.actiTime.Test.TC_001_LoginTest -->
    </test> <!-- Test -->
  </suite> <!-- TEST Suite -->
</testng-results>
